Architecture:        x86_64
CPU op-mode(s):      32-bit, 64-bit
Byte Order:          Little Endian
CPU(s):              40
On-line CPU(s) list: 0-39
Thread(s) per core:  2
Core(s) per socket:  10
Socket(s):           2
NUMA node(s):        2
Vendor ID:           GenuineIntel
CPU family:          6
Model:               85
Model name:          Intel(R) Xeon(R) Silver 4114 CPU @ 2.20GHz
Stepping:            4
CPU MHz:             2201.000
CPU max MHz:         2201,0000
CPU min MHz:         800,0000
BogoMIPS:            4400.00
Virtualization:      VT-x
L1d cache:           32K
L1i cache:           32K
L2 cache:            1024K
L3 cache:            14080K
NUMA node0 CPU(s):   0-9,20-29
NUMA node1 CPU(s):   10-19,30-39
Flags:               fpu vme de pse tsc msr pae mce cx8 apic sep mtrr pge mca cmov pat pse36 clflush dts acpi mmx fxsr sse sse2 ss ht tm pbe syscall nx pdpe1gb rdtscp lm constant_tsc art arch_perfmon pebs bts rep_good nopl xtopology nonstop_tsc cpuid aperfmperf pni pclmulqdq dtes64 monitor ds_cpl vmx smx est tm2 ssse3 sdbg fma cx16 xtpr pdcm pcid dca sse4_1 sse4_2 x2apic movbe popcnt tsc_deadline_timer aes xsave avx f16c rdrand lahf_lm abm 3dnowprefetch cpuid_fault epb cat_l3 cdp_l3 invpcid_single pti ssbd mba ibrs ibpb stibp tpr_shadow vnmi flexpriority ept vpid ept_ad fsgsbase tsc_adjust bmi1 hle avx2 smep bmi2 erms invpcid rtm cqm mpx rdt_a avx512f avx512dq rdseed adx smap clflushopt clwb intel_pt avx512cd avx512bw avx512vl xsaveopt xsavec xgetbv1 xsaves cqm_llc cqm_occup_llc cqm_mbm_total cqm_mbm_local dtherm ida arat pln pts hwp hwp_act_window hwp_epp hwp_pkg_req pku ospke flush_l1d
*** SEQUENTIAL WAVE PROPAGATION GRID 700X700 ***
Grid Sizes: 700 x 700 at time 400
Iterations completed in 0.420534 seconds 
 
*** OPENMP PARALLEL WAVE PROPAGATION GRID 1000x1000 ***
OPENMP PARALLEL WAVE PROPAGATION WITH 1 THREADS
Grid Sizes: 700 x 700 at time 400
Iterations completed in 0.418554 seconds
----------------------------------------------
 
OPENMP PARALLEL WAVE PROPAGATION WITH 2 THREADS
Grid Sizes: 700 x 700 at time 400
Iterations completed in 0.223039 seconds
----------------------------------------------
 
OPENMP PARALLEL WAVE PROPAGATION WITH 5 THREADS
Grid Sizes: 700 x 700 at time 400
Iterations completed in 0.091119 seconds
----------------------------------------------
 
OPENMP PARALLEL WAVE PROPAGATION WITH 10 THREADS
Grid Sizes: 700 x 700 at time 400
Iterations completed in 0.047949 seconds
----------------------------------------------
 
OPENMP PARALLEL WAVE PROPAGATION WITH 20 THREADS
Grid Sizes: 700 x 700 at time 400
Iterations completed in 0.046901 seconds
----------------------------------------------
 
OPENMP PARALLEL WAVE PROPAGATION WITH 40 THREADS
Grid Sizes: 700 x 700 at time 400
Iterations completed in 0.030703 seconds
----------------------------------------------
 
